<?xml version="1.0" encoding="UTF-8"?>
<!-- Generated by org.testng.reporters.JUnitReportReporter -->
<testsuite skipped="0" hostname="Ujwal" name="com.sauceDemo.Test.TC001_VerifyLogin" tests="1" failures="0" timestamp="2022-12-20T22:15:01 IST" time="0.586" errors="0">
  <testcase name="verifyAddToCart" time="0.586" classname="com.sauceDemo.Test.TC001_VerifyLogin"/>
  <system-out/>
</testsuite> <!-- com.sauceDemo.Test.TC001_VerifyLogin -->
