<?xml version="1.0" encoding="UTF-8"?>
<!-- Generated by org.testng.reporters.JUnitReportReporter -->
<testsuite skipped="0" hostname="Ujwal" name="src.com.sauceDemo.Test.TC001_VerifyLogin" tests="1" failures="0" timestamp="2022-12-21T01:06:39 IST" time="1.311" errors="0">
  <testcase name="verifyLogin" time="1.311" classname="src.com.sauceDemo.Test.TC001_VerifyLogin"/>
  <system-out/>
</testsuite> <!-- src.com.sauceDemo.Test.TC001_VerifyLogin -->
