<?xml version="1.0" encoding="UTF-8"?>
<!-- Generated by org.testng.reporters.JUnitReportReporter -->
<testsuite skipped="0" hostname="Ujwal" name="wwe.q1" tests="2" failures="0" timestamp="2022-12-25T16:59:28 IST" time="0.015" errors="0">
  <testcase name="m2" time="0.004" classname="wwe.q1"/>
  <system-out/>
  <testcase name="m1" time="0.011" classname="wwe.q1"/>
  <system-out/>
</testsuite> <!-- wwe.q1 -->
